<?xml version="1.0" encoding="UTF-8"?>
<!-- Generated by org.testng.reporters.JUnitReportReporter -->
<testsuite skipped="0" hostname="DESKTOP-BVJNK8N" name="proyecto_testng.TestPizzaOrden" tests="8" failures="0" timestamp="2022-11-12T14:58:20 CST" time="6.417" errors="0">
  <testcase name="verificarOpcionVeganaVerdadera" time="6.394" classname="proyecto_testng.TestPizzaOrden"/>
  <system-out/>
  <testcase name="verificarOpcionVeganaFalsa" time="0.005" classname="proyecto_testng.TestPizzaOrden"/>
  <system-out/>
  <testcase name="verificarIngrediente1" time="0.002" classname="proyecto_testng.TestPizzaOrden"/>
  <system-out/>
  <testcase name="verificarIngrediente2" time="0.003" classname="proyecto_testng.TestPizzaOrden"/>
  <system-out/>
  <testcase name="verificarIngrediente3" time="0.004" classname="proyecto_testng.TestPizzaOrden"/>
  <system-out/>
  <testcase name="verificarOpcionInvalidaIngrediente1" time="0.002" classname="proyecto_testng.TestPizzaOrden"/>
  <system-out/>
  <testcase name="verificarOpcionInvalidaIngrediente2" time="0.003" classname="proyecto_testng.TestPizzaOrden"/>
  <system-out/>
  <testcase name="verificarOpcionInvalidaIngrediente3" time="0.004" classname="proyecto_testng.TestPizzaOrden"/>
  <system-out/>
</testsuite> <!-- proyecto_testng.TestPizzaOrden -->
